<?xml version="1.0" encoding="UTF-8"?>
<testsuite xmlns:xsi="http://www.w3.org/2001/XMLSchema-instance" xsi:noNamespaceSchemaLocation="https://maven.apache.org/surefire/maven-surefire-plugin/xsd/surefire-test-report.xsd" name="TestSuite" time="89.113" tests="1" errors="0" skipped="0" failures="0">
  <properties>
    <property name="sun.desktop" value="windows"/>
    <property name="awt.toolkit" value="sun.awt.windows.WToolkit"/>
    <property name="file.encoding.pkg" value="sun.io"/>
    <property name="java.specification.version" value="1.8"/>
    <property name="sun.cpu.isalist" value="amd64"/>
    <property name="sun.jnu.encoding" value="Cp1252"/>
    <property name="java.class.path" value="D:\CBA_Framework\Core-Banking_v1.0\target\test-classes;D:\CBA_Framework\Core-Banking_v1.0\target\classes;C:\Users\SA00631597\.m2\repository\junit\junit\3.8.1\junit-3.8.1.jar;C:\Users\SA00631597\.m2\repository\org\testng\testng\6.9.10\testng-6.9.10.jar;C:\Users\SA00631597\.m2\repository\com\beust\jcommander\1.48\jcommander-1.48.jar;C:\Users\SA00631597\.m2\repository\org\beanshell\bsh\2.0b4\bsh-2.0b4.jar;C:\Users\SA00631597\.m2\repository\com\codoid\products\fillo\1.18\fillo-1.18.jar;C:\Users\SA00631597\.m2\repository\org\seleniumhq\selenium\selenium-java\3.141.59\selenium-java-3.141.59.jar;C:\Users\SA00631597\.m2\repository\org\seleniumhq\selenium\selenium-api\3.141.59\selenium-api-3.141.59.jar;C:\Users\SA00631597\.m2\repository\org\seleniumhq\selenium\selenium-chrome-driver\3.141.59\selenium-chrome-driver-3.141.59.jar;C:\Users\SA00631597\.m2\repository\org\seleniumhq\selenium\selenium-edge-driver\3.141.59\selenium-edge-driver-3.141.59.jar;C:\Users\SA00631597\.m2\repository\org\seleniumhq\selenium\selenium-firefox-driver\3.141.59\selenium-firefox-driver-3.141.59.jar;C:\Users\SA00631597\.m2\repository\org\seleniumhq\selenium\selenium-ie-driver\3.141.59\selenium-ie-driver-3.141.59.jar;C:\Users\SA00631597\.m2\repository\org\seleniumhq\selenium\selenium-opera-driver\3.141.59\selenium-opera-driver-3.141.59.jar;C:\Users\SA00631597\.m2\repository\org\seleniumhq\selenium\selenium-remote-driver\3.141.59\selenium-remote-driver-3.141.59.jar;C:\Users\SA00631597\.m2\repository\org\seleniumhq\selenium\selenium-safari-driver\3.141.59\selenium-safari-driver-3.141.59.jar;C:\Users\SA00631597\.m2\repository\org\seleniumhq\selenium\selenium-support\3.141.59\selenium-support-3.141.59.jar;C:\Users\SA00631597\.m2\repository\net\bytebuddy\byte-buddy\1.8.15\byte-buddy-1.8.15.jar;C:\Users\SA00631597\.m2\repository\org\apache\commons\commons-exec\1.3\commons-exec-1.3.jar;C:\Users\SA00631597\.m2\repository\com\google\guava\guava\25.0-jre\guava-25.0-jre.jar;C:\Users\SA00631597\.m2\repository\com\google\code\findbugs\jsr305\1.3.9\jsr305-1.3.9.jar;C:\Users\SA00631597\.m2\repository\org\checkerframework\checker-compat-qual\2.0.0\checker-compat-qual-2.0.0.jar;C:\Users\SA00631597\.m2\repository\com\google\errorprone\error_prone_annotations\2.1.3\error_prone_annotations-2.1.3.jar;C:\Users\SA00631597\.m2\repository\com\google\j2objc\j2objc-annotations\1.1\j2objc-annotations-1.1.jar;C:\Users\SA00631597\.m2\repository\org\codehaus\mojo\animal-sniffer-annotations\1.14\animal-sniffer-annotations-1.14.jar;C:\Users\SA00631597\.m2\repository\com\squareup\okhttp3\okhttp\3.11.0\okhttp-3.11.0.jar;C:\Users\SA00631597\.m2\repository\com\squareup\okio\okio\1.14.0\okio-1.14.0.jar;C:\Users\SA00631597\.m2\repository\com\relevantcodes\extentreports\2.41.2\extentreports-2.41.2.jar;C:\Users\SA00631597\.m2\repository\org\jsoup\jsoup\1.8.3\jsoup-1.8.3.jar;C:\Users\SA00631597\.m2\repository\org\freemarker\freemarker\2.3.23\freemarker-2.3.23.jar;C:\Users\SA00631597\.m2\repository\org\mongodb\mongodb-driver\3.0.4\mongodb-driver-3.0.4.jar;C:\Users\SA00631597\.m2\repository\org\mongodb\bson\3.0.4\bson-3.0.4.jar;C:\Users\SA00631597\.m2\repository\org\mongodb\mongodb-driver-core\3.0.4\mongodb-driver-core-3.0.4.jar;C:\Users\SA00631597\.m2\repository\ru\sbtqa\tag\page-factory\1.3.0\page-factory-1.3.0.jar;C:\Users\SA00631597\.m2\repository\ru\sbtqa\tag\qa-utils\1.2.2\qa-utils-1.2.2.jar;C:\Users\SA00631597\.m2\repository\org\apache\commons\commons-lang3\3.3.2\commons-lang3-3.3.2.jar;C:\Users\SA00631597\.m2\repository\org\slf4j\slf4j-api\1.7.22\slf4j-api-1.7.22.jar;C:\Users\SA00631597\.m2\repository\org\slf4j\slf4j-simple\1.7.22\slf4j-simple-1.7.22.jar;C:\Users\SA00631597\.m2\repository\ru\sbtqa\tag\cucumber-runner\1.0.2\cucumber-runner-1.0.2.jar;C:\Users\SA00631597\.m2\repository\info\cukes\cucumber-junit\1.2.5\cucumber-junit-1.2.5.jar;C:\Users\SA00631597\.m2\repository\ru\sbtqa\tag\datajack\1.2.0\datajack-1.2.0.jar;C:\Users\SA00631597\.m2\repository\org\mongodb\mongo-java-driver\3.2.2\mongo-java-driver-3.2.2.jar;C:\Users\SA00631597\.m2\repository\commons-io\commons-io\2.5\commons-io-2.5.jar;C:\Users\SA00631597\.m2\repository\org\apache\poi\poi-ooxml\3.13\poi-ooxml-3.13.jar;C:\Users\SA00631597\.m2\repository\org\apache\poi\poi\3.13\poi-3.13.jar;C:\Users\SA00631597\.m2\repository\org\apache\poi\poi-ooxml-schemas\3.13\poi-ooxml-schemas-3.13.jar;C:\Users\SA00631597\.m2\repository\org\apache\xmlbeans\xmlbeans\2.6.0\xmlbeans-2.6.0.jar;C:\Users\SA00631597\.m2\repository\stax\stax-api\1.0.1\stax-api-1.0.1.jar;C:\Users\SA00631597\.m2\repository\ru\sbtqa\tag\allure-helper\1.1.0\allure-helper-1.1.0.jar;C:\Users\SA00631597\.m2\repository\org\aspectj\aspectjrt\1.8.9\aspectjrt-1.8.9.jar;C:\Users\SA00631597\.m2\repository\ru\yandex\qatools\allure\allure-java-annotations\1.5.0\allure-java-annotations-1.5.0.jar;C:\Users\SA00631597\.m2\repository\ru\yandex\qatools\allure\allure-model\1.5.0\allure-model-1.5.0.jar;C:\Users\SA00631597\.m2\repository\org\jvnet\jaxb2_commons\jaxb2-basics-runtime\0.9.3\jaxb2-basics-runtime-0.9.3.jar;C:\Users\SA00631597\.m2\repository\ru\yandex\qatools\properties\properties-loader\1.5\properties-loader-1.5.jar;C:\Users\SA00631597\.m2\repository\commons-beanutils\commons-beanutils-core\1.8.3\commons-beanutils-core-1.8.3.jar;C:\Users\SA00631597\.m2\repository\ru\yandex\qatools\allure\allure-java-adaptor-api\1.5.0\allure-java-adaptor-api-1.5.0.jar;C:\Users\SA00631597\.m2\repository\org\apache\tika\tika-core\1.7\tika-core-1.7.jar;C:\Users\SA00631597\.m2\repository\net\sf\qualitycheck\quality-check\1.3\quality-check-1.3.jar;C:\Users\SA00631597\.m2\repository\ru\yandex\qatools\allure\allure-cucumber-jvm-adaptor\1.6.1\allure-cucumber-jvm-adaptor-1.6.1.jar;C:\Users\SA00631597\.m2\repository\ru\yandex\qatools\allure\allure-java-aspects\1.5.0\allure-java-aspects-1.5.0.jar;C:\Users\SA00631597\.m2\repository\ru\yandex\qatools\allure\allure-commons\1.5.0\allure-commons-1.5.0.jar;C:\Users\SA00631597\.m2\repository\info\cukes\cucumber-java\1.2.5\cucumber-java-1.2.5.jar;C:\Users\SA00631597\.m2\repository\ru\sbtqa\tag\video-recorder\1.0.5\video-recorder-1.0.5.jar;C:\Users\SA00631597\.m2\repository\ru\sbtqa\monte-media\1.1.0-JAVA7\monte-media-1.1.0-JAVA7.jar;C:\Users\SA00631597\.m2\repository\io\appium\java-client\4.1.2\java-client-4.1.2.jar;C:\Users\SA00631597\.m2\repository\com\google\code\gson\gson\2.7\gson-2.7.jar;C:\Users\SA00631597\.m2\repository\org\apache\httpcomponents\httpclient\4.5.2\httpclient-4.5.2.jar;C:\Users\SA00631597\.m2\repository\org\apache\httpcomponents\httpcore\4.4.4\httpcore-4.4.4.jar;C:\Users\SA00631597\.m2\repository\commons-logging\commons-logging\1.2\commons-logging-1.2.jar;C:\Users\SA00631597\.m2\repository\commons-codec\commons-codec\1.9\commons-codec-1.9.jar;C:\Users\SA00631597\.m2\repository\commons-validator\commons-validator\1.5.1\commons-validator-1.5.1.jar;C:\Users\SA00631597\.m2\repository\commons-beanutils\commons-beanutils\1.9.2\commons-beanutils-1.9.2.jar;C:\Users\SA00631597\.m2\repository\commons-digester\commons-digester\1.8.1\commons-digester-1.8.1.jar;C:\Users\SA00631597\.m2\repository\commons-collections\commons-collections\3.2.2\commons-collections-3.2.2.jar;C:\Users\SA00631597\.m2\repository\cglib\cglib-nodep\3.2.4\cglib-nodep-3.2.4.jar;C:\Users\SA00631597\.m2\repository\org\springframework\spring-context\4.3.2.RELEASE\spring-context-4.3.2.RELEASE.jar;C:\Users\SA00631597\.m2\repository\org\springframework\spring-aop\4.3.2.RELEASE\spring-aop-4.3.2.RELEASE.jar;C:\Users\SA00631597\.m2\repository\org\springframework\spring-beans\4.3.2.RELEASE\spring-beans-4.3.2.RELEASE.jar;C:\Users\SA00631597\.m2\repository\org\springframework\spring-core\4.3.2.RELEASE\spring-core-4.3.2.RELEASE.jar;C:\Users\SA00631597\.m2\repository\org\springframework\spring-expression\4.3.2.RELEASE\spring-expression-4.3.2.RELEASE.jar;C:\Users\SA00631597\.m2\repository\org\aspectj\aspectjweaver\1.8.9\aspectjweaver-1.8.9.jar;C:\Users\SA00631597\.m2\repository\net\lightbody\bmp\browsermob-core\2.1.0-beta-4\browsermob-core-2.1.0-beta-4.jar;C:\Users\SA00631597\.m2\repository\com\fasterxml\jackson\core\jackson-core\2.6.3\jackson-core-2.6.3.jar;C:\Users\SA00631597\.m2\repository\com\fasterxml\jackson\core\jackson-databind\2.6.3\jackson-databind-2.6.3.jar;C:\Users\SA00631597\.m2\repository\com\fasterxml\jackson\core\jackson-annotations\2.6.3\jackson-annotations-2.6.3.jar;C:\Users\SA00631597\.m2\repository\org\slf4j\jcl-over-slf4j\1.7.13\jcl-over-slf4j-1.7.13.jar;C:\Users\SA00631597\.m2\repository\org\apache\httpcomponents\httpmime\4.5.1\httpmime-4.5.1.jar;C:\Users\SA00631597\.m2\repository\net\sf\uadetector\uadetector-resources\2014.10\uadetector-resources-2014.10.jar;C:\Users\SA00631597\.m2\repository\net\sf\uadetector\uadetector-core\0.9.22\uadetector-core-0.9.22.jar;C:\Users\SA00631597\.m2\repository\javax\annotation\jsr250-api\1.0\jsr250-api-1.0.jar;C:\Users\SA00631597\.m2\repository\javax\servlet\servlet-api\2.5\servlet-api-2.5.jar;C:\Users\SA00631597\.m2\repository\org\bouncycastle\bcprov-jdk15on\1.47\bcprov-jdk15on-1.47.jar;C:\Users\SA00631597\.m2\repository\dnsjava\dnsjava\2.1.7\dnsjava-2.1.7.jar;C:\Users\SA00631597\.m2\repository\net\lightbody\bmp\mitm\2.1.0-beta-4\mitm-2.1.0-beta-4.jar;C:\Users\SA00631597\.m2\repository\net\lightbody\bmp\browsermob-core-littleproxy\2.1.0-beta-4\browsermob-core-littleproxy-2.1.0-beta-4.jar;C:\Users\SA00631597\.m2\repository\net\lightbody\bmp\littleproxy\1.1.0-beta-bmp-10\littleproxy-1.1.0-beta-bmp-10.jar;C:\Users\SA00631597\.m2\repository\commons-cli\commons-cli\1.3.1\commons-cli-1.3.1.jar;C:\Users\SA00631597\.m2\repository\com\jcraft\jzlib\1.1.3\jzlib-1.1.3.jar;C:\Users\SA00631597\.m2\repository\io\netty\netty-all\4.0.33.Final\netty-all-4.0.33.Final.jar;C:\Users\SA00631597\.m2\repository\org\bouncycastle\bcpkix-jdk15on\1.53\bcpkix-jdk15on-1.53.jar;C:\Users\SA00631597\.m2\repository\ru\sbtqa\htmlelements\htmlelements-java\1.17-JAVA7\htmlelements-java-1.17-JAVA7.jar;C:\Users\SA00631597\.m2\repository\org\reflections\reflections\0.9.10\reflections-0.9.10.jar;C:\Users\SA00631597\.m2\repository\org\javassist\javassist\3.19.0-GA\javassist-3.19.0-GA.jar;C:\Users\SA00631597\.m2\repository\com\google\code\findbugs\annotations\2.0.1\annotations-2.0.1.jar;C:\Users\SA00631597\.m2\repository\org\apache\maven\maven-project\2.0.10\maven-project-2.0.10.jar;C:\Users\SA00631597\.m2\repository\org\apache\maven\maven-settings\2.0.10\maven-settings-2.0.10.jar;C:\Users\SA00631597\.m2\repository\org\apache\maven\maven-profile\2.0.10\maven-profile-2.0.10.jar;C:\Users\SA00631597\.m2\repository\org\apache\maven\maven-model\2.0.10\maven-model-2.0.10.jar;C:\Users\SA00631597\.m2\repository\org\apache\maven\maven-artifact-manager\2.0.10\maven-artifact-manager-2.0.10.jar;C:\Users\SA00631597\.m2\repository\org\apache\maven\maven-repository-metadata\2.0.10\maven-repository-metadata-2.0.10.jar;C:\Users\SA00631597\.m2\repository\org\apache\maven\wagon\wagon-provider-api\1.0-beta-2\wagon-provider-api-1.0-beta-2.jar;C:\Users\SA00631597\.m2\repository\org\apache\maven\maven-plugin-registry\2.0.10\maven-plugin-registry-2.0.10.jar;C:\Users\SA00631597\.m2\repository\org\codehaus\plexus\plexus-interpolation\1.1\plexus-interpolation-1.1.jar;C:\Users\SA00631597\.m2\repository\org\codehaus\plexus\plexus-utils\1.5.5\plexus-utils-1.5.5.jar;C:\Users\SA00631597\.m2\repository\org\apache\maven\maven-artifact\2.0.10\maven-artifact-2.0.10.jar;C:\Users\SA00631597\.m2\repository\org\codehaus\plexus\plexus-container-default\1.0-alpha-9-stable-1\plexus-container-default-1.0-alpha-9-stable-1.jar;C:\Users\SA00631597\.m2\repository\classworlds\classworlds\1.1-alpha-2\classworlds-1.1-alpha-2.jar;C:\Users\SA00631597\.m2\repository\log4j\log4j\1.2.17\log4j-1.2.17.jar;C:\Users\SA00631597\.m2\repository\info\cukes\cucumber-testng\1.2.5\cucumber-testng-1.2.5.jar;C:\Users\SA00631597\.m2\repository\info\cukes\cucumber-core\1.2.5\cucumber-core-1.2.5.jar;C:\Users\SA00631597\.m2\repository\info\cukes\cucumber-html\0.2.3\cucumber-html-0.2.3.jar;C:\Users\SA00631597\.m2\repository\info\cukes\cucumber-jvm-deps\1.0.5\cucumber-jvm-deps-1.0.5.jar;C:\Users\SA00631597\.m2\repository\info\cukes\gherkin\2.12.2\gherkin-2.12.2.jar;C:\Users\SA00631597\.m2\repository\io\cucumber\cucumber-testng\2.4.0\cucumber-testng-2.4.0.jar;C:\Users\SA00631597\.m2\repository\io\cucumber\cucumber-core\2.4.0\cucumber-core-2.4.0.jar;C:\Users\SA00631597\.m2\repository\io\cucumber\cucumber-jvm-deps\1.0.6\cucumber-jvm-deps-1.0.6.jar;C:\Users\SA00631597\.m2\repository\io\cucumber\gherkin\5.0.0\gherkin-5.0.0.jar;C:\Users\SA00631597\.m2\repository\io\cucumber\tag-expressions\1.1.1\tag-expressions-1.1.1.jar;C:\Users\SA00631597\.m2\repository\org\xerial\sqlite-jdbc\3.27.2.1\sqlite-jdbc-3.27.2.1.jar;C:\Users\SA00631597\.m2\repository\org\apache\maven\surefire\surefire-testng-utils\2.22.0\surefire-testng-utils-2.22.0.jar;C:\Users\SA00631597\.m2\repository\org\apache\maven\surefire\surefire-grouper\2.22.0\surefire-grouper-2.22.0.jar;"/>
    <property name="java.vm.vendor" value="Oracle Corporation"/>
    <property name="sun.arch.data.model" value="64"/>
    <property name="user.variant" value=""/>
    <property name="java.vendor.url" value="http://java.oracle.com/"/>
    <property name="user.timezone" value="Asia/Calcutta"/>
    <property name="java.vm.specification.version" value="1.8"/>
    <property name="os.name" value="Windows 10"/>
    <property name="user.country" value="US"/>
    <property name="sun.java.launcher" value="SUN_STANDARD"/>
    <property name="sun.boot.library.path" value="C:\Program Files\Java\jdk1.8.0_181\jre\bin"/>
    <property name="sun.java.command" value="C:\Users\SA0063~1\AppData\Local\Temp\surefire8833683273870158093\surefirebooter5318330919387268195.jar C:\Users\SA00631597\AppData\Local\Temp\surefire8833683273870158093 2019-08-26T17-15-03_930-jvmRun1 surefire8848380240338364010tmp surefire_01319710396061090675tmp"/>
    <property name="surefire.test.class.path" value="D:\CBA_Framework\Core-Banking_v1.0\target\test-classes;D:\CBA_Framework\Core-Banking_v1.0\target\classes;C:\Users\SA00631597\.m2\repository\junit\junit\3.8.1\junit-3.8.1.jar;C:\Users\SA00631597\.m2\repository\org\testng\testng\6.9.10\testng-6.9.10.jar;C:\Users\SA00631597\.m2\repository\com\beust\jcommander\1.48\jcommander-1.48.jar;C:\Users\SA00631597\.m2\repository\org\beanshell\bsh\2.0b4\bsh-2.0b4.jar;C:\Users\SA00631597\.m2\repository\com\codoid\products\fillo\1.18\fillo-1.18.jar;C:\Users\SA00631597\.m2\repository\org\seleniumhq\selenium\selenium-java\3.141.59\selenium-java-3.141.59.jar;C:\Users\SA00631597\.m2\repository\org\seleniumhq\selenium\selenium-api\3.141.59\selenium-api-3.141.59.jar;C:\Users\SA00631597\.m2\repository\org\seleniumhq\selenium\selenium-chrome-driver\3.141.59\selenium-chrome-driver-3.141.59.jar;C:\Users\SA00631597\.m2\repository\org\seleniumhq\selenium\selenium-edge-driver\3.141.59\selenium-edge-driver-3.141.59.jar;C:\Users\SA00631597\.m2\repository\org\seleniumhq\selenium\selenium-firefox-driver\3.141.59\selenium-firefox-driver-3.141.59.jar;C:\Users\SA00631597\.m2\repository\org\seleniumhq\selenium\selenium-ie-driver\3.141.59\selenium-ie-driver-3.141.59.jar;C:\Users\SA00631597\.m2\repository\org\seleniumhq\selenium\selenium-opera-driver\3.141.59\selenium-opera-driver-3.141.59.jar;C:\Users\SA00631597\.m2\repository\org\seleniumhq\selenium\selenium-remote-driver\3.141.59\selenium-remote-driver-3.141.59.jar;C:\Users\SA00631597\.m2\repository\org\seleniumhq\selenium\selenium-safari-driver\3.141.59\selenium-safari-driver-3.141.59.jar;C:\Users\SA00631597\.m2\repository\org\seleniumhq\selenium\selenium-support\3.141.59\selenium-support-3.141.59.jar;C:\Users\SA00631597\.m2\repository\net\bytebuddy\byte-buddy\1.8.15\byte-buddy-1.8.15.jar;C:\Users\SA00631597\.m2\repository\org\apache\commons\commons-exec\1.3\commons-exec-1.3.jar;C:\Users\SA00631597\.m2\repository\com\google\guava\guava\25.0-jre\guava-25.0-jre.jar;C:\Users\SA00631597\.m2\repository\com\google\code\findbugs\jsr305\1.3.9\jsr305-1.3.9.jar;C:\Users\SA00631597\.m2\repository\org\checkerframework\checker-compat-qual\2.0.0\checker-compat-qual-2.0.0.jar;C:\Users\SA00631597\.m2\repository\com\google\errorprone\error_prone_annotations\2.1.3\error_prone_annotations-2.1.3.jar;C:\Users\SA00631597\.m2\repository\com\google\j2objc\j2objc-annotations\1.1\j2objc-annotations-1.1.jar;C:\Users\SA00631597\.m2\repository\org\codehaus\mojo\animal-sniffer-annotations\1.14\animal-sniffer-annotations-1.14.jar;C:\Users\SA00631597\.m2\repository\com\squareup\okhttp3\okhttp\3.11.0\okhttp-3.11.0.jar;C:\Users\SA00631597\.m2\repository\com\squareup\okio\okio\1.14.0\okio-1.14.0.jar;C:\Users\SA00631597\.m2\repository\com\relevantcodes\extentreports\2.41.2\extentreports-2.41.2.jar;C:\Users\SA00631597\.m2\repository\org\jsoup\jsoup\1.8.3\jsoup-1.8.3.jar;C:\Users\SA00631597\.m2\repository\org\freemarker\freemarker\2.3.23\freemarker-2.3.23.jar;C:\Users\SA00631597\.m2\repository\org\mongodb\mongodb-driver\3.0.4\mongodb-driver-3.0.4.jar;C:\Users\SA00631597\.m2\repository\org\mongodb\bson\3.0.4\bson-3.0.4.jar;C:\Users\SA00631597\.m2\repository\org\mongodb\mongodb-driver-core\3.0.4\mongodb-driver-core-3.0.4.jar;C:\Users\SA00631597\.m2\repository\ru\sbtqa\tag\page-factory\1.3.0\page-factory-1.3.0.jar;C:\Users\SA00631597\.m2\repository\ru\sbtqa\tag\qa-utils\1.2.2\qa-utils-1.2.2.jar;C:\Users\SA00631597\.m2\repository\org\apache\commons\commons-lang3\3.3.2\commons-lang3-3.3.2.jar;C:\Users\SA00631597\.m2\repository\org\slf4j\slf4j-api\1.7.22\slf4j-api-1.7.22.jar;C:\Users\SA00631597\.m2\repository\org\slf4j\slf4j-simple\1.7.22\slf4j-simple-1.7.22.jar;C:\Users\SA00631597\.m2\repository\ru\sbtqa\tag\cucumber-runner\1.0.2\cucumber-runner-1.0.2.jar;C:\Users\SA00631597\.m2\repository\info\cukes\cucumber-junit\1.2.5\cucumber-junit-1.2.5.jar;C:\Users\SA00631597\.m2\repository\ru\sbtqa\tag\datajack\1.2.0\datajack-1.2.0.jar;C:\Users\SA00631597\.m2\repository\org\mongodb\mongo-java-driver\3.2.2\mongo-java-driver-3.2.2.jar;C:\Users\SA00631597\.m2\repository\commons-io\commons-io\2.5\commons-io-2.5.jar;C:\Users\SA00631597\.m2\repository\org\apache\poi\poi-ooxml\3.13\poi-ooxml-3.13.jar;C:\Users\SA00631597\.m2\repository\org\apache\poi\poi\3.13\poi-3.13.jar;C:\Users\SA00631597\.m2\repository\org\apache\poi\poi-ooxml-schemas\3.13\poi-ooxml-schemas-3.13.jar;C:\Users\SA00631597\.m2\repository\org\apache\xmlbeans\xmlbeans\2.6.0\xmlbeans-2.6.0.jar;C:\Users\SA00631597\.m2\repository\stax\stax-api\1.0.1\stax-api-1.0.1.jar;C:\Users\SA00631597\.m2\repository\ru\sbtqa\tag\allure-helper\1.1.0\allure-helper-1.1.0.jar;C:\Users\SA00631597\.m2\repository\org\aspectj\aspectjrt\1.8.9\aspectjrt-1.8.9.jar;C:\Users\SA00631597\.m2\repository\ru\yandex\qatools\allure\allure-java-annotations\1.5.0\allure-java-annotations-1.5.0.jar;C:\Users\SA00631597\.m2\repository\ru\yandex\qatools\allure\allure-model\1.5.0\allure-model-1.5.0.jar;C:\Users\SA00631597\.m2\repository\org\jvnet\jaxb2_commons\jaxb2-basics-runtime\0.9.3\jaxb2-basics-runtime-0.9.3.jar;C:\Users\SA00631597\.m2\repository\ru\yandex\qatools\properties\properties-loader\1.5\properties-loader-1.5.jar;C:\Users\SA00631597\.m2\repository\commons-beanutils\commons-beanutils-core\1.8.3\commons-beanutils-core-1.8.3.jar;C:\Users\SA00631597\.m2\repository\ru\yandex\qatools\allure\allure-java-adaptor-api\1.5.0\allure-java-adaptor-api-1.5.0.jar;C:\Users\SA00631597\.m2\repository\org\apache\tika\tika-core\1.7\tika-core-1.7.jar;C:\Users\SA00631597\.m2\repository\net\sf\qualitycheck\quality-check\1.3\quality-check-1.3.jar;C:\Users\SA00631597\.m2\repository\ru\yandex\qatools\allure\allure-cucumber-jvm-adaptor\1.6.1\allure-cucumber-jvm-adaptor-1.6.1.jar;C:\Users\SA00631597\.m2\repository\ru\yandex\qatools\allure\allure-java-aspects\1.5.0\allure-java-aspects-1.5.0.jar;C:\Users\SA00631597\.m2\repository\ru\yandex\qatools\allure\allure-commons\1.5.0\allure-commons-1.5.0.jar;C:\Users\SA00631597\.m2\repository\info\cukes\cucumber-java\1.2.5\cucumber-java-1.2.5.jar;C:\Users\SA00631597\.m2\repository\ru\sbtqa\tag\video-recorder\1.0.5\video-recorder-1.0.5.jar;C:\Users\SA00631597\.m2\repository\ru\sbtqa\monte-media\1.1.0-JAVA7\monte-media-1.1.0-JAVA7.jar;C:\Users\SA00631597\.m2\repository\io\appium\java-client\4.1.2\java-client-4.1.2.jar;C:\Users\SA00631597\.m2\repository\com\google\code\gson\gson\2.7\gson-2.7.jar;C:\Users\SA00631597\.m2\repository\org\apache\httpcomponents\httpclient\4.5.2\httpclient-4.5.2.jar;C:\Users\SA00631597\.m2\repository\org\apache\httpcomponents\httpcore\4.4.4\httpcore-4.4.4.jar;C:\Users\SA00631597\.m2\repository\commons-logging\commons-logging\1.2\commons-logging-1.2.jar;C:\Users\SA00631597\.m2\repository\commons-codec\commons-codec\1.9\commons-codec-1.9.jar;C:\Users\SA00631597\.m2\repository\commons-validator\commons-validator\1.5.1\commons-validator-1.5.1.jar;C:\Users\SA00631597\.m2\repository\commons-beanutils\commons-beanutils\1.9.2\commons-beanutils-1.9.2.jar;C:\Users\SA00631597\.m2\repository\commons-digester\commons-digester\1.8.1\commons-digester-1.8.1.jar;C:\Users\SA00631597\.m2\repository\commons-collections\commons-collections\3.2.2\commons-collections-3.2.2.jar;C:\Users\SA00631597\.m2\repository\cglib\cglib-nodep\3.2.4\cglib-nodep-3.2.4.jar;C:\Users\SA00631597\.m2\repository\org\springframework\spring-context\4.3.2.RELEASE\spring-context-4.3.2.RELEASE.jar;C:\Users\SA00631597\.m2\repository\org\springframework\spring-aop\4.3.2.RELEASE\spring-aop-4.3.2.RELEASE.jar;C:\Users\SA00631597\.m2\repository\org\springframework\spring-beans\4.3.2.RELEASE\spring-beans-4.3.2.RELEASE.jar;C:\Users\SA00631597\.m2\repository\org\springframework\spring-core\4.3.2.RELEASE\spring-core-4.3.2.RELEASE.jar;C:\Users\SA00631597\.m2\repository\org\springframework\spring-expression\4.3.2.RELEASE\spring-expression-4.3.2.RELEASE.jar;C:\Users\SA00631597\.m2\repository\org\aspectj\aspectjweaver\1.8.9\aspectjweaver-1.8.9.jar;C:\Users\SA00631597\.m2\repository\net\lightbody\bmp\browsermob-core\2.1.0-beta-4\browsermob-core-2.1.0-beta-4.jar;C:\Users\SA00631597\.m2\repository\com\fasterxml\jackson\core\jackson-core\2.6.3\jackson-core-2.6.3.jar;C:\Users\SA00631597\.m2\repository\com\fasterxml\jackson\core\jackson-databind\2.6.3\jackson-databind-2.6.3.jar;C:\Users\SA00631597\.m2\repository\com\fasterxml\jackson\core\jackson-annotations\2.6.3\jackson-annotations-2.6.3.jar;C:\Users\SA00631597\.m2\repository\org\slf4j\jcl-over-slf4j\1.7.13\jcl-over-slf4j-1.7.13.jar;C:\Users\SA00631597\.m2\repository\org\apache\httpcomponents\httpmime\4.5.1\httpmime-4.5.1.jar;C:\Users\SA00631597\.m2\repository\net\sf\uadetector\uadetector-resources\2014.10\uadetector-resources-2014.10.jar;C:\Users\SA00631597\.m2\repository\net\sf\uadetector\uadetector-core\0.9.22\uadetector-core-0.9.22.jar;C:\Users\SA00631597\.m2\repository\javax\annotation\jsr250-api\1.0\jsr250-api-1.0.jar;C:\Users\SA00631597\.m2\repository\javax\servlet\servlet-api\2.5\servlet-api-2.5.jar;C:\Users\SA00631597\.m2\repository\org\bouncycastle\bcprov-jdk15on\1.47\bcprov-jdk15on-1.47.jar;C:\Users\SA00631597\.m2\repository\dnsjava\dnsjava\2.1.7\dnsjava-2.1.7.jar;C:\Users\SA00631597\.m2\repository\net\lightbody\bmp\mitm\2.1.0-beta-4\mitm-2.1.0-beta-4.jar;C:\Users\SA00631597\.m2\repository\net\lightbody\bmp\browsermob-core-littleproxy\2.1.0-beta-4\browsermob-core-littleproxy-2.1.0-beta-4.jar;C:\Users\SA00631597\.m2\repository\net\lightbody\bmp\littleproxy\1.1.0-beta-bmp-10\littleproxy-1.1.0-beta-bmp-10.jar;C:\Users\SA00631597\.m2\repository\commons-cli\commons-cli\1.3.1\commons-cli-1.3.1.jar;C:\Users\SA00631597\.m2\repository\com\jcraft\jzlib\1.1.3\jzlib-1.1.3.jar;C:\Users\SA00631597\.m2\repository\io\netty\netty-all\4.0.33.Final\netty-all-4.0.33.Final.jar;C:\Users\SA00631597\.m2\repository\org\bouncycastle\bcpkix-jdk15on\1.53\bcpkix-jdk15on-1.53.jar;C:\Users\SA00631597\.m2\repository\ru\sbtqa\htmlelements\htmlelements-java\1.17-JAVA7\htmlelements-java-1.17-JAVA7.jar;C:\Users\SA00631597\.m2\repository\org\reflections\reflections\0.9.10\reflections-0.9.10.jar;C:\Users\SA00631597\.m2\repository\org\javassist\javassist\3.19.0-GA\javassist-3.19.0-GA.jar;C:\Users\SA00631597\.m2\repository\com\google\code\findbugs\annotations\2.0.1\annotations-2.0.1.jar;C:\Users\SA00631597\.m2\repository\org\apache\maven\maven-project\2.0.10\maven-project-2.0.10.jar;C:\Users\SA00631597\.m2\repository\org\apache\maven\maven-settings\2.0.10\maven-settings-2.0.10.jar;C:\Users\SA00631597\.m2\repository\org\apache\maven\maven-profile\2.0.10\maven-profile-2.0.10.jar;C:\Users\SA00631597\.m2\repository\org\apache\maven\maven-model\2.0.10\maven-model-2.0.10.jar;C:\Users\SA00631597\.m2\repository\org\apache\maven\maven-artifact-manager\2.0.10\maven-artifact-manager-2.0.10.jar;C:\Users\SA00631597\.m2\repository\org\apache\maven\maven-repository-metadata\2.0.10\maven-repository-metadata-2.0.10.jar;C:\Users\SA00631597\.m2\repository\org\apache\maven\wagon\wagon-provider-api\1.0-beta-2\wagon-provider-api-1.0-beta-2.jar;C:\Users\SA00631597\.m2\repository\org\apache\maven\maven-plugin-registry\2.0.10\maven-plugin-registry-2.0.10.jar;C:\Users\SA00631597\.m2\repository\org\codehaus\plexus\plexus-interpolation\1.1\plexus-interpolation-1.1.jar;C:\Users\SA00631597\.m2\repository\org\codehaus\plexus\plexus-utils\1.5.5\plexus-utils-1.5.5.jar;C:\Users\SA00631597\.m2\repository\org\apache\maven\maven-artifact\2.0.10\maven-artifact-2.0.10.jar;C:\Users\SA00631597\.m2\repository\org\codehaus\plexus\plexus-container-default\1.0-alpha-9-stable-1\plexus-container-default-1.0-alpha-9-stable-1.jar;C:\Users\SA00631597\.m2\repository\classworlds\classworlds\1.1-alpha-2\classworlds-1.1-alpha-2.jar;C:\Users\SA00631597\.m2\repository\log4j\log4j\1.2.17\log4j-1.2.17.jar;C:\Users\SA00631597\.m2\repository\info\cukes\cucumber-testng\1.2.5\cucumber-testng-1.2.5.jar;C:\Users\SA00631597\.m2\repository\info\cukes\cucumber-core\1.2.5\cucumber-core-1.2.5.jar;C:\Users\SA00631597\.m2\repository\info\cukes\cucumber-html\0.2.3\cucumber-html-0.2.3.jar;C:\Users\SA00631597\.m2\repository\info\cukes\cucumber-jvm-deps\1.0.5\cucumber-jvm-deps-1.0.5.jar;C:\Users\SA00631597\.m2\repository\info\cukes\gherkin\2.12.2\gherkin-2.12.2.jar;C:\Users\SA00631597\.m2\repository\io\cucumber\cucumber-testng\2.4.0\cucumber-testng-2.4.0.jar;C:\Users\SA00631597\.m2\repository\io\cucumber\cucumber-core\2.4.0\cucumber-core-2.4.0.jar;C:\Users\SA00631597\.m2\repository\io\cucumber\cucumber-jvm-deps\1.0.6\cucumber-jvm-deps-1.0.6.jar;C:\Users\SA00631597\.m2\repository\io\cucumber\gherkin\5.0.0\gherkin-5.0.0.jar;C:\Users\SA00631597\.m2\repository\io\cucumber\tag-expressions\1.1.1\tag-expressions-1.1.1.jar;C:\Users\SA00631597\.m2\repository\org\xerial\sqlite-jdbc\3.27.2.1\sqlite-jdbc-3.27.2.1.jar;C:\Users\SA00631597\.m2\repository\org\apache\maven\surefire\surefire-testng-utils\2.22.0\surefire-testng-utils-2.22.0.jar;C:\Users\SA00631597\.m2\repository\org\apache\maven\surefire\surefire-grouper\2.22.0\surefire-grouper-2.22.0.jar;"/>
    <property name="sun.cpu.endian" value="little"/>
    <property name="user.home" value="C:\Users\SA00631597"/>
    <property name="user.language" value="en"/>
    <property name="java.specification.vendor" value="Oracle Corporation"/>
    <property name="java.home" value="C:\Program Files\Java\jdk1.8.0_181\jre"/>
    <property name="basedir" value="D:\CBA_Framework\Core-Banking_v1.0"/>
    <property name="file.separator" value="\"/>
    <property name="line.separator" value="&#10;"/>
    <property name="java.vm.specification.vendor" value="Oracle Corporation"/>
    <property name="java.specification.name" value="Java Platform API Specification"/>
    <property name="java.awt.graphicsenv" value="sun.awt.Win32GraphicsEnvironment"/>
    <property name="surefire.real.class.path" value="C:\Users\SA0063~1\AppData\Local\Temp\surefire8833683273870158093\surefirebooter5318330919387268195.jar"/>
    <property name="sun.boot.class.path" value="C:\Program Files\Java\jdk1.8.0_181\jre\lib\resources.jar;C:\Program Files\Java\jdk1.8.0_181\jre\lib\rt.jar;C:\Program Files\Java\jdk1.8.0_181\jre\lib\sunrsasign.jar;C:\Program Files\Java\jdk1.8.0_181\jre\lib\jsse.jar;C:\Program Files\Java\jdk1.8.0_181\jre\lib\jce.jar;C:\Program Files\Java\jdk1.8.0_181\jre\lib\charsets.jar;C:\Program Files\Java\jdk1.8.0_181\jre\lib\jfr.jar;C:\Program Files\Java\jdk1.8.0_181\jre\classes"/>
    <property name="user.script" value=""/>
    <property name="sun.management.compiler" value="HotSpot 64-Bit Tiered Compilers"/>
    <property name="java.runtime.version" value="1.8.0_181-b13"/>
    <property name="user.name" value="SA00631597"/>
    <property name="path.separator" value=";"/>
    <property name="os.version" value="10.0"/>
    <property name="java.endorsed.dirs" value="C:\Program Files\Java\jdk1.8.0_181\jre\lib\endorsed"/>
    <property name="java.runtime.name" value="Java(TM) SE Runtime Environment"/>
    <property name="file.encoding" value="Cp1252"/>
    <property name="java.vm.name" value="Java HotSpot(TM) 64-Bit Server VM"/>
    <property name="localRepository" value="C:\Users\SA00631597\.m2\repository"/>
    <property name="java.vendor.url.bug" value="http://bugreport.sun.com/bugreport/"/>
    <property name="java.io.tmpdir" value="C:\Users\SA0063~1\AppData\Local\Temp\"/>
    <property name="java.version" value="1.8.0_181"/>
    <property name="user.dir" value="D:\CBA_Framework\Core-Banking_v1.0"/>
    <property name="os.arch" value="amd64"/>
    <property name="java.vm.specification.name" value="Java Virtual Machine Specification"/>
    <property name="java.awt.printerjob" value="sun.awt.windows.WPrinterJob"/>
    <property name="sun.os.patch.level" value=""/>
    <property name="java.library.path" value="C:\Program Files\Java\jdk1.8.0_181\jre\bin;C:\WINDOWS\Sun\Java\bin;C:\WINDOWS\system32;C:\WINDOWS;C:/Program Files/Java/jre1.8.0_181/bin/server;C:/Program Files/Java/jre1.8.0_181/bin;C:/Program Files/Java/jre1.8.0_181/lib/amd64;C:\Program Files (x86)\Common Files\Oracle\Java\javapath;C:\Program Files (x86)\Intel\iCLS Client\;C:\Program Files\Intel\iCLS Client\;C:\WINDOWS\system32;C:\WINDOWS;C:\WINDOWS\System32\Wbem;C:\WINDOWS\System32\WindowsPowerShell\v1.0\;C:\Program Files\Intel\Intel(R) Management Engine Components\DAL;C:\Program Files\Intel\Intel(R) Management Engine Components\IPT;C:\Program Files (x86)\Intel\Intel(R) Management Engine Components\DAL;C:\Program Files (x86)\Intel\Intel(R) Management Engine Components\IPT;C:\Program Files (x86)\Intel\OpenCL SDK\3.0\bin\x86;C:\Program Files (x86)\Intel\OpenCL SDK\3.0\bin\x64;C:\WINDOWS\System32\WindowsPowerShell\v1.0\;C:\Program Files\TortoiseSVN\bin;C:\Program Files (x86)\Webex\Webex\Applications;C:\Program Files\Java\jdk1.8.0_181\bin;C:\WINDOWS\System32\OpenSSH\;D:\Apache Maven\apache-maven-3.5.2\bin;C:\Users\SA00631597\AppData\Local\Microsoft\WindowsApps;;D:\eclipse oxgen;;."/>
    <property name="java.vm.info" value="mixed mode"/>
    <property name="java.vendor" value="Oracle Corporation"/>
    <property name="java.vm.version" value="25.181-b13"/>
    <property name="java.ext.dirs" value="C:\Program Files\Java\jdk1.8.0_181\jre\lib\ext;C:\WINDOWS\Sun\Java\lib\ext"/>
    <property name="sun.io.unicode.encoding" value="UnicodeLittle"/>
    <property name="java.class.version" value="52.0"/>
  </properties>
  <testcase name="feature" classname="techM.TechMRunnerClass" time="88.041"/>
</testsuite>