<?xml version="1.0" encoding="UTF-8"?>
<!-- Generated by org.testng.reporters.JUnitReportReporter -->
<testsuite hostname="INCHCMPC10540" name="TechMQA.App" tests="1" failures="0" timestamp="15 Jul 2019 09:19:41 GMT" time="0.009" errors="0">
  <testcase name="Sample" time="0.009" classname="TechMQA.App"/>
</testsuite> <!-- TechMQA.App -->
