<?xml version="1.0" encoding="UTF-8"?>
<!-- Generated by org.testng.reporters.JUnitReportReporter -->
<testsuite hostname="INCHCMPC10540" name="sample.ClassATestNG" tests="1" failures="0" timestamp="17 Sep 2019 11:24:21 GMT" time="0.005" errors="0">
  <testcase name="test" time="0.005" classname="sample.ClassATestNG"/>
</testsuite> <!-- sample.ClassATestNG -->
