<?xml version="1.0" encoding="UTF-8"?>
<!-- Generated by org.testng.reporters.JUnitReportReporter -->
<testsuite hostname="INCHCMPC10540" name="TechMQA.NewTest" tests="3" failures="0" timestamp="24 Jul 2019 12:05:56 GMT" time="28.187" errors="0">
  <testcase name="f" time="9.385" classname="TechMQA.NewTest"/>
  <testcase name="f" time="9.443" classname="TechMQA.NewTest"/>
  <testcase name="f" time="9.359" classname="TechMQA.NewTest"/>
</testsuite> <!-- TechMQA.NewTest -->
